2024-09-23 00:00:00:INFO:Performing scheduled database backup.
2024-09-23 00:00:00:INFO:Deleting oldest backup /home/app/.local/share/spoolman/backups/spoolman.db.5
2024-09-23 00:00:00:INFO:Backing up SQLite database to /home/app/.local/share/spoolman/backups/spoolman.db
2024-09-23 00:00:00:INFO:Copied 1 of 24 pages.
2024-09-23 00:00:00:INFO:Copied 2 of 24 pages.
2024-09-23 00:00:00:INFO:Copied 3 of 24 pages.
2024-09-23 00:00:00:INFO:Copied 4 of 24 pages.
2024-09-23 00:00:00:INFO:Copied 5 of 24 pages.
2024-09-23 00:00:00:INFO:Copied 6 of 24 pages.
2024-09-23 00:00:00:INFO:Copied 7 of 24 pages.
2024-09-23 00:00:00:INFO:Copied 8 of 24 pages.
2024-09-23 00:00:00:INFO:Copied 9 of 24 pages.
2024-09-23 00:00:00:INFO:Copied 10 of 24 pages.
2024-09-23 00:00:00:INFO:Copied 11 of 24 pages.
2024-09-23 00:00:00:INFO:Copied 12 of 24 pages.
2024-09-23 00:00:00:INFO:Copied 13 of 24 pages.
2024-09-23 00:00:00:INFO:Copied 14 of 24 pages.
2024-09-23 00:00:00:INFO:Copied 15 of 24 pages.
2024-09-23 00:00:00:INFO:Copied 16 of 24 pages.
2024-09-23 00:00:00:INFO:Copied 17 of 24 pages.
2024-09-23 00:00:00:INFO:Copied 18 of 24 pages.
2024-09-23 00:00:00:INFO:Copied 19 of 24 pages.
2024-09-23 00:00:00:INFO:Copied 20 of 24 pages.
2024-09-23 00:00:00:INFO:Copied 21 of 24 pages.
2024-09-23 00:00:00:INFO:Copied 22 of 24 pages.
2024-09-23 00:00:00:INFO:Copied 23 of 24 pages.
2024-09-23 00:00:00:INFO:Copied 24 of 24 pages.
2024-09-23 00:00:00:INFO:Backup complete.
2024-09-23 00:08:58:INFO:Syncing external DB.
2024-09-23 00:08:58:INFO:HTTP Request: GET https://donkie.github.io/SpoolmanDB/filaments.json "HTTP/1.1 200 OK"
2024-09-23 00:08:58:INFO:HTTP Request: GET https://donkie.github.io/SpoolmanDB/materials.json "HTTP/1.1 200 OK"
2024-09-23 00:08:58:INFO:External DB synced. Filaments: 2596, Materials: 23
2024-09-23 01:08:58:INFO:Syncing external DB.
2024-09-23 01:08:58:INFO:HTTP Request: GET https://donkie.github.io/SpoolmanDB/filaments.json "HTTP/1.1 200 OK"
2024-09-23 01:08:58:INFO:HTTP Request: GET https://donkie.github.io/SpoolmanDB/materials.json "HTTP/1.1 200 OK"
2024-09-23 01:08:58:INFO:External DB synced. Filaments: 2596, Materials: 23
2024-09-23 02:08:58:INFO:Syncing external DB.
2024-09-23 02:08:58:INFO:HTTP Request: GET https://donkie.github.io/SpoolmanDB/filaments.json "HTTP/1.1 200 OK"
2024-09-23 02:08:58:INFO:HTTP Request: GET https://donkie.github.io/SpoolmanDB/materials.json "HTTP/1.1 200 OK"
2024-09-23 02:08:58:INFO:External DB synced. Filaments: 2596, Materials: 23
2024-09-23 03:08:58:INFO:Syncing external DB.
2024-09-23 03:08:58:INFO:HTTP Request: GET https://donkie.github.io/SpoolmanDB/filaments.json "HTTP/1.1 200 OK"
2024-09-23 03:08:58:INFO:HTTP Request: GET https://donkie.github.io/SpoolmanDB/materials.json "HTTP/1.1 200 OK"
2024-09-23 03:08:58:INFO:External DB synced. Filaments: 2596, Materials: 23
2024-09-23 04:08:58:INFO:Syncing external DB.
2024-09-23 04:08:58:INFO:HTTP Request: GET https://donkie.github.io/SpoolmanDB/filaments.json "HTTP/1.1 200 OK"
2024-09-23 04:08:58:INFO:HTTP Request: GET https://donkie.github.io/SpoolmanDB/materials.json "HTTP/1.1 200 OK"
2024-09-23 04:08:58:INFO:External DB synced. Filaments: 2596, Materials: 23
2024-09-23 05:08:58:INFO:Syncing external DB.
2024-09-23 05:08:58:INFO:HTTP Request: GET https://donkie.github.io/SpoolmanDB/filaments.json "HTTP/1.1 200 OK"
2024-09-23 05:08:58:INFO:HTTP Request: GET https://donkie.github.io/SpoolmanDB/materials.json "HTTP/1.1 200 OK"
2024-09-23 05:08:58:INFO:External DB synced. Filaments: 2596, Materials: 23
2024-09-23 06:08:58:INFO:Syncing external DB.
2024-09-23 06:08:58:INFO:HTTP Request: GET https://donkie.github.io/SpoolmanDB/filaments.json "HTTP/1.1 200 OK"
2024-09-23 06:08:58:INFO:HTTP Request: GET https://donkie.github.io/SpoolmanDB/materials.json "HTTP/1.1 200 OK"
2024-09-23 06:08:58:INFO:External DB synced. Filaments: 2596, Materials: 23
2024-09-23 06:52:50:INFO:Client 172.27.20.4 is now listening on pool 
2024-09-23 07:08:58:INFO:Syncing external DB.
2024-09-23 07:08:58:INFO:HTTP Request: GET https://donkie.github.io/SpoolmanDB/filaments.json "HTTP/1.1 200 OK"
2024-09-23 07:08:58:INFO:HTTP Request: GET https://donkie.github.io/SpoolmanDB/materials.json "HTTP/1.1 200 OK"
2024-09-23 07:08:58:INFO:External DB synced. Filaments: 2596, Materials: 23
2024-09-23 07:23:45:ERROR:Failed to send websocket message
Traceback (most recent call last):
  File "/home/app/spoolman/spoolman/database/spool.py", line 439, in spool_changed
    await websocket_manager.send(
  File "/home/app/spoolman/spoolman/ws.py", line 99, in send
    await self.tree.send(pool, evt)
  File "/home/app/spoolman/spoolman/ws.py", line 69, in send
    await self.children[path[0]].send(path[1:], evt)
  File "/home/app/spoolman/spoolman/ws.py", line 55, in send
    self.remove(path, websocket)
  File "/home/app/spoolman/spoolman/ws.py", line 44, in remove
    self.children[path[0]].remove(path[1:], websocket)
  File "/home/app/spoolman/spoolman/ws.py", line 42, in remove
    self.subscribers.remove(websocket)
KeyError: <starlette.websockets.WebSocket object at 0xf4875930>
2024-09-23 07:23:45:ERROR:Failed to send websocket message
Traceback (most recent call last):
  File "/home/app/spoolman/spoolman/database/spool.py", line 439, in spool_changed
    await websocket_manager.send(
  File "/home/app/spoolman/spoolman/ws.py", line 99, in send
    await self.tree.send(pool, evt)
  File "/home/app/spoolman/spoolman/ws.py", line 69, in send
    await self.children[path[0]].send(path[1:], evt)
  File "/home/app/spoolman/spoolman/ws.py", line 55, in send
    self.remove(path, websocket)
  File "/home/app/spoolman/spoolman/ws.py", line 44, in remove
    self.children[path[0]].remove(path[1:], websocket)
  File "/home/app/spoolman/spoolman/ws.py", line 42, in remove
    self.subscribers.remove(websocket)
KeyError: <starlette.websockets.WebSocket object at 0xf4875930>
2024-09-23 07:23:45:ERROR:Failed to send websocket message
Traceback (most recent call last):
  File "/home/app/spoolman/spoolman/database/spool.py", line 439, in spool_changed
    await websocket_manager.send(
  File "/home/app/spoolman/spoolman/ws.py", line 99, in send
    await self.tree.send(pool, evt)
  File "/home/app/spoolman/spoolman/ws.py", line 69, in send
    await self.children[path[0]].send(path[1:], evt)
  File "/home/app/spoolman/spoolman/ws.py", line 55, in send
    self.remove(path, websocket)
  File "/home/app/spoolman/spoolman/ws.py", line 44, in remove
    self.children[path[0]].remove(path[1:], websocket)
  File "/home/app/spoolman/spoolman/ws.py", line 42, in remove
    self.subscribers.remove(websocket)
KeyError: <starlette.websockets.WebSocket object at 0xf4875930>
2024-09-23 07:23:45:ERROR:Failed to send websocket message
Traceback (most recent call last):
  File "/home/app/spoolman/spoolman/database/spool.py", line 439, in spool_changed
    await websocket_manager.send(
  File "/home/app/spoolman/spoolman/ws.py", line 99, in send
    await self.tree.send(pool, evt)
  File "/home/app/spoolman/spoolman/ws.py", line 69, in send
    await self.children[path[0]].send(path[1:], evt)
  File "/home/app/spoolman/spoolman/ws.py", line 55, in send
    self.remove(path, websocket)
  File "/home/app/spoolman/spoolman/ws.py", line 44, in remove
    self.children[path[0]].remove(path[1:], websocket)
  File "/home/app/spoolman/spoolman/ws.py", line 42, in remove
    self.subscribers.remove(websocket)
KeyError: <starlette.websockets.WebSocket object at 0xf4875930>
2024-09-23 07:23:45:ERROR:Failed to send websocket message
Traceback (most recent call last):
  File "/home/app/spoolman/spoolman/database/spool.py", line 439, in spool_changed
    await websocket_manager.send(
  File "/home/app/spoolman/spoolman/ws.py", line 99, in send
    await self.tree.send(pool, evt)
  File "/home/app/spoolman/spoolman/ws.py", line 69, in send
    await self.children[path[0]].send(path[1:], evt)
  File "/home/app/spoolman/spoolman/ws.py", line 55, in send
    self.remove(path, websocket)
  File "/home/app/spoolman/spoolman/ws.py", line 44, in remove
    self.children[path[0]].remove(path[1:], websocket)
  File "/home/app/spoolman/spoolman/ws.py", line 42, in remove
    self.subscribers.remove(websocket)
KeyError: <starlette.websockets.WebSocket object at 0xf4875930>
2024-09-23 07:23:45:ERROR:Failed to send websocket message
Traceback (most recent call last):
  File "/home/app/spoolman/spoolman/database/spool.py", line 439, in spool_changed
    await websocket_manager.send(
  File "/home/app/spoolman/spoolman/ws.py", line 99, in send
    await self.tree.send(pool, evt)
  File "/home/app/spoolman/spoolman/ws.py", line 69, in send
    await self.children[path[0]].send(path[1:], evt)
  File "/home/app/spoolman/spoolman/ws.py", line 55, in send
    self.remove(path, websocket)
  File "/home/app/spoolman/spoolman/ws.py", line 44, in remove
    self.children[path[0]].remove(path[1:], websocket)
  File "/home/app/spoolman/spoolman/ws.py", line 42, in remove
    self.subscribers.remove(websocket)
KeyError: <starlette.websockets.WebSocket object at 0xf4875930>
2024-09-23 07:23:45:ERROR:Failed to send websocket message
Traceback (most recent call last):
  File "/home/app/spoolman/spoolman/database/spool.py", line 439, in spool_changed
    await websocket_manager.send(
  File "/home/app/spoolman/spoolman/ws.py", line 99, in send
    await self.tree.send(pool, evt)
  File "/home/app/spoolman/spoolman/ws.py", line 69, in send
    await self.children[path[0]].send(path[1:], evt)
  File "/home/app/spoolman/spoolman/ws.py", line 55, in send
    self.remove(path, websocket)
  File "/home/app/spoolman/spoolman/ws.py", line 44, in remove
    self.children[path[0]].remove(path[1:], websocket)
  File "/home/app/spoolman/spoolman/ws.py", line 42, in remove
    self.subscribers.remove(websocket)
KeyError: <starlette.websockets.WebSocket object at 0xf4875930>
2024-09-23 07:23:45:ERROR:Failed to send websocket message
Traceback (most recent call last):
  File "/home/app/spoolman/spoolman/database/spool.py", line 439, in spool_changed
    await websocket_manager.send(
  File "/home/app/spoolman/spoolman/ws.py", line 99, in send
    await self.tree.send(pool, evt)
  File "/home/app/spoolman/spoolman/ws.py", line 69, in send
    await self.children[path[0]].send(path[1:], evt)
  File "/home/app/spoolman/spoolman/ws.py", line 55, in send
    self.remove(path, websocket)
  File "/home/app/spoolman/spoolman/ws.py", line 44, in remove
    self.children[path[0]].remove(path[1:], websocket)
  File "/home/app/spoolman/spoolman/ws.py", line 42, in remove
    self.subscribers.remove(websocket)
KeyError: <starlette.websockets.WebSocket object at 0xf4875930>
2024-09-23 07:23:47:INFO:Client 172.27.20.4 has stopped listening on pool 
2024-09-23 07:23:48:INFO:Client 172.27.20.4 is now listening on pool 
2024-09-23 07:37:01:INFO:Client 172.27.20.4 has stopped listening on pool 
2024-09-23 07:52:22:INFO:Client 172.27.30.40 is now listening on pool 
2024-09-23 07:57:38:INFO:Client 172.27.30.40 has stopped listening on pool 
2024-09-23 08:08:58:INFO:Syncing external DB.
2024-09-23 08:08:58:INFO:HTTP Request: GET https://donkie.github.io/SpoolmanDB/filaments.json "HTTP/1.1 200 OK"
2024-09-23 08:08:58:INFO:HTTP Request: GET https://donkie.github.io/SpoolmanDB/materials.json "HTTP/1.1 200 OK"
2024-09-23 08:08:58:INFO:External DB synced. Filaments: 2596, Materials: 23
2024-09-23 09:08:58:INFO:Syncing external DB.
2024-09-23 09:08:58:INFO:HTTP Request: GET https://donkie.github.io/SpoolmanDB/filaments.json "HTTP/1.1 200 OK"
2024-09-23 09:08:58:INFO:HTTP Request: GET https://donkie.github.io/SpoolmanDB/materials.json "HTTP/1.1 200 OK"
2024-09-23 09:08:58:INFO:External DB synced. Filaments: 2596, Materials: 23
2024-09-23 10:08:58:INFO:Syncing external DB.
2024-09-23 10:08:58:INFO:HTTP Request: GET https://donkie.github.io/SpoolmanDB/filaments.json "HTTP/1.1 200 OK"
2024-09-23 10:08:58:INFO:HTTP Request: GET https://donkie.github.io/SpoolmanDB/materials.json "HTTP/1.1 200 OK"
2024-09-23 10:08:58:INFO:External DB synced. Filaments: 2596, Materials: 23
2024-09-23 11:08:58:INFO:Syncing external DB.
2024-09-23 11:08:58:INFO:HTTP Request: GET https://donkie.github.io/SpoolmanDB/filaments.json "HTTP/1.1 200 OK"
2024-09-23 11:08:58:INFO:HTTP Request: GET https://donkie.github.io/SpoolmanDB/materials.json "HTTP/1.1 200 OK"
2024-09-23 11:08:58:INFO:External DB synced. Filaments: 2596, Materials: 23
